{"/Users/edgarromero/codefellows/401/class-14/server.js": {"path":"/Users/edgarromero/codefellows/401/class-14/server.js","statementMap":{"0":{"start":{"line":3,"column":16},"end":{"line":3,"column":34}},"1":{"start":{"line":4,"column":13},"end":{"line":4,"column":28}},"2":{"start":{"line":6,"column":24},"end":{"line":6,"column":54}},"3":{"start":{"line":7,"column":21},"end":{"line":7,"column":51}},"4":{"start":{"line":8,"column":19},"end":{"line":8,"column":58}},"5":{"start":{"line":9,"column":17},"end":{"line":9,"column":39}},"6":{"start":{"line":10,"column":17},"end":{"line":10,"column":36}},"7":{"start":{"line":12,"column":12},"end":{"line":12,"column":21}},"8":{"start":{"line":15,"column":0},"end":{"line":15,"column":16}},"9":{"start":{"line":16,"column":0},"end":{"line":16,"column":24}},"10":{"start":{"line":17,"column":0},"end":{"line":17,"column":48}},"11":{"start":{"line":20,"column":0},"end":{"line":20,"column":20}},"12":{"start":{"line":22,"column":0},"end":{"line":22,"column":28}},"13":{"start":{"line":23,"column":0},"end":{"line":23,"column":16}},"14":{"start":{"line":26,"column":0},"end":{"line":26,"column":30}},"15":{"start":{"line":29,"column":0},"end":{"line":29,"column":22}},"16":{"start":{"line":31,"column":0},"end":{"line":34,"column":1}},"17":{"start":{"line":33,"column":19},"end":{"line":33,"column":63}}},"fnMap":{"0":{"name":"(anonymous_0)","decl":{"start":{"line":33,"column":9},"end":{"line":33,"column":10}},"loc":{"start":{"line":33,"column":19},"end":{"line":33,"column":63}},"line":33}},"branchMap":{},"s":{"0":1,"1":1,"2":1,"3":1,"4":1,"5":1,"6":1,"7":1,"8":1,"9":1,"10":1,"11":1,"12":1,"13":1,"14":1,"15":1,"16":1,"17":0},"f":{"0":0},"b":{},"_coverageSchema":"1a1c01bbd47fc00a2c39e90264f33305004495a9","hash":"a47c9980cb42b25a7118af997154921bba60f402"}
,"/Users/edgarromero/codefellows/401/class-14/api/v1.js": {"path":"/Users/edgarromero/codefellows/401/class-14/api/v1.js","statementMap":{"0":{"start":{"line":9,"column":12},"end":{"line":9,"column":25}},"1":{"start":{"line":11,"column":16},"end":{"line":11,"column":34}},"2":{"start":{"line":13,"column":20},"end":{"line":13,"column":64}},"3":{"start":{"line":15,"column":15},"end":{"line":15,"column":31}},"4":{"start":{"line":18,"column":0},"end":{"line":18,"column":40}},"5":{"start":{"line":21,"column":0},"end":{"line":24,"column":3}},"6":{"start":{"line":22,"column":17},"end":{"line":22,"column":41}},"7":{"start":{"line":23,"column":2},"end":{"line":23,"column":36}},"8":{"start":{"line":27,"column":0},"end":{"line":29,"column":3}},"9":{"start":{"line":28,"column":2},"end":{"line":28,"column":56}},"10":{"start":{"line":33,"column":0},"end":{"line":33,"column":36}},"11":{"start":{"line":34,"column":0},"end":{"line":34,"column":35}},"12":{"start":{"line":35,"column":0},"end":{"line":35,"column":40}},"13":{"start":{"line":36,"column":0},"end":{"line":36,"column":37}},"14":{"start":{"line":37,"column":0},"end":{"line":37,"column":43}},"15":{"start":{"line":41,"column":2},"end":{"line":49,"column":17}},"16":{"start":{"line":43,"column":21},"end":{"line":46,"column":7}},"17":{"start":{"line":47,"column":6},"end":{"line":47,"column":40}},"18":{"start":{"line":53,"column":2},"end":{"line":55,"column":17}},"19":{"start":{"line":54,"column":20},"end":{"line":54,"column":56}},"20":{"start":{"line":59,"column":2},"end":{"line":61,"column":17}},"21":{"start":{"line":60,"column":20},"end":{"line":60,"column":53}},"22":{"start":{"line":65,"column":2},"end":{"line":67,"column":17}},"23":{"start":{"line":66,"column":20},"end":{"line":66,"column":53}},"24":{"start":{"line":71,"column":2},"end":{"line":73,"column":17}},"25":{"start":{"line":72,"column":20},"end":{"line":72,"column":53}},"26":{"start":{"line":76,"column":0},"end":{"line":76,"column":24}}},"fnMap":{"0":{"name":"(anonymous_0)","decl":{"start":{"line":21,"column":22},"end":{"line":21,"column":23}},"loc":{"start":{"line":21,"column":51},"end":{"line":24,"column":1}},"line":21},"1":{"name":"(anonymous_1)","decl":{"start":{"line":27,"column":29},"end":{"line":27,"column":30}},"loc":{"start":{"line":27,"column":52},"end":{"line":29,"column":1}},"line":27},"2":{"name":"handleGetAll","decl":{"start":{"line":40,"column":9},"end":{"line":40,"column":21}},"loc":{"start":{"line":40,"column":47},"end":{"line":50,"column":1}},"line":40},"3":{"name":"(anonymous_3)","decl":{"start":{"line":42,"column":10},"end":{"line":42,"column":11}},"loc":{"start":{"line":42,"column":18},"end":{"line":48,"column":5}},"line":42},"4":{"name":"handleGetOne","decl":{"start":{"line":52,"column":9},"end":{"line":52,"column":21}},"loc":{"start":{"line":52,"column":47},"end":{"line":56,"column":1}},"line":52},"5":{"name":"(anonymous_5)","decl":{"start":{"line":54,"column":10},"end":{"line":54,"column":11}},"loc":{"start":{"line":54,"column":20},"end":{"line":54,"column":56}},"line":54},"6":{"name":"handlePost","decl":{"start":{"line":58,"column":9},"end":{"line":58,"column":19}},"loc":{"start":{"line":58,"column":45},"end":{"line":62,"column":1}},"line":58},"7":{"name":"(anonymous_7)","decl":{"start":{"line":60,"column":10},"end":{"line":60,"column":11}},"loc":{"start":{"line":60,"column":20},"end":{"line":60,"column":53}},"line":60},"8":{"name":"handlePut","decl":{"start":{"line":64,"column":9},"end":{"line":64,"column":18}},"loc":{"start":{"line":64,"column":44},"end":{"line":68,"column":1}},"line":64},"9":{"name":"(anonymous_9)","decl":{"start":{"line":66,"column":10},"end":{"line":66,"column":11}},"loc":{"start":{"line":66,"column":20},"end":{"line":66,"column":53}},"line":66},"10":{"name":"handleDelete","decl":{"start":{"line":70,"column":9},"end":{"line":70,"column":21}},"loc":{"start":{"line":70,"column":47},"end":{"line":74,"column":1}},"line":70},"11":{"name":"(anonymous_11)","decl":{"start":{"line":72,"column":10},"end":{"line":72,"column":11}},"loc":{"start":{"line":72,"column":20},"end":{"line":72,"column":53}},"line":72}},"branchMap":{},"s":{"0":1,"1":1,"2":1,"3":1,"4":1,"5":1,"6":0,"7":0,"8":1,"9":0,"10":1,"11":1,"12":1,"13":1,"14":1,"15":0,"16":0,"17":0,"18":0,"19":0,"20":0,"21":0,"22":0,"23":0,"24":0,"25":0,"26":1},"f":{"0":0,"1":0,"2":0,"3":0,"4":0,"5":0,"6":0,"7":0,"8":0,"9":0,"10":0,"11":0},"b":{},"_coverageSchema":"1a1c01bbd47fc00a2c39e90264f33305004495a9","hash":"3078e12613d16180c97bd4bda43508ea0bb40921"}
,"/Users/edgarromero/codefellows/401/class-14/api/v2.js": {"path":"/Users/edgarromero/codefellows/401/class-14/api/v2.js","statementMap":{"0":{"start":{"line":3,"column":12},"end":{"line":3,"column":25}},"1":{"start":{"line":5,"column":16},"end":{"line":5,"column":34}},"2":{"start":{"line":7,"column":20},"end":{"line":7,"column":64}},"3":{"start":{"line":8,"column":14},"end":{"line":8,"column":53}},"4":{"start":{"line":9,"column":14},"end":{"line":9,"column":54}},"5":{"start":{"line":10,"column":12},"end":{"line":10,"column":48}},"6":{"start":{"line":12,"column":15},"end":{"line":12,"column":31}},"7":{"start":{"line":15,"column":0},"end":{"line":15,"column":40}},"8":{"start":{"line":18,"column":0},"end":{"line":21,"column":3}},"9":{"start":{"line":19,"column":17},"end":{"line":19,"column":41}},"10":{"start":{"line":20,"column":2},"end":{"line":20,"column":36}},"11":{"start":{"line":24,"column":0},"end":{"line":26,"column":3}},"12":{"start":{"line":25,"column":2},"end":{"line":25,"column":56}},"13":{"start":{"line":30,"column":0},"end":{"line":30,"column":57}},"14":{"start":{"line":31,"column":0},"end":{"line":31,"column":58}},"15":{"start":{"line":32,"column":0},"end":{"line":32,"column":60}},"16":{"start":{"line":33,"column":0},"end":{"line":33,"column":59}},"17":{"start":{"line":34,"column":0},"end":{"line":34,"column":65}},"18":{"start":{"line":38,"column":2},"end":{"line":48,"column":4}},"19":{"start":{"line":39,"column":16},"end":{"line":39,"column":54}},"20":{"start":{"line":40,"column":19},"end":{"line":43,"column":5}},"21":{"start":{"line":44,"column":6},"end":{"line":44,"column":40}},"22":{"start":{"line":47,"column":4},"end":{"line":47,"column":32}},"23":{"start":{"line":52,"column":2},"end":{"line":58,"column":3}},"24":{"start":{"line":53,"column":17},"end":{"line":53,"column":68}},"25":{"start":{"line":54,"column":4},"end":{"line":54,"column":41}},"26":{"start":{"line":57,"column":4},"end":{"line":57,"column":32}},"27":{"start":{"line":62,"column":2},"end":{"line":68,"column":3}},"28":{"start":{"line":63,"column":17},"end":{"line":63,"column":57}},"29":{"start":{"line":64,"column":4},"end":{"line":64,"column":38}},"30":{"start":{"line":67,"column":4},"end":{"line":67,"column":34}},"31":{"start":{"line":72,"column":2},"end":{"line":78,"column":3}},"32":{"start":{"line":73,"column":17},"end":{"line":73,"column":76}},"33":{"start":{"line":74,"column":4},"end":{"line":74,"column":38}},"34":{"start":{"line":77,"column":4},"end":{"line":77,"column":34}},"35":{"start":{"line":82,"column":2},"end":{"line":88,"column":3}},"36":{"start":{"line":83,"column":15},"end":{"line":83,"column":60}},"37":{"start":{"line":84,"column":2},"end":{"line":84,"column":36}},"38":{"start":{"line":87,"column":4},"end":{"line":87,"column":34}},"39":{"start":{"line":91,"column":0},"end":{"line":91,"column":24}}},"fnMap":{"0":{"name":"(anonymous_0)","decl":{"start":{"line":18,"column":22},"end":{"line":18,"column":23}},"loc":{"start":{"line":18,"column":51},"end":{"line":21,"column":1}},"line":18},"1":{"name":"(anonymous_1)","decl":{"start":{"line":24,"column":29},"end":{"line":24,"column":30}},"loc":{"start":{"line":24,"column":52},"end":{"line":26,"column":1}},"line":24},"2":{"name":"handleGetAll","decl":{"start":{"line":37,"column":15},"end":{"line":37,"column":27}},"loc":{"start":{"line":37,"column":53},"end":{"line":49,"column":1}},"line":37},"3":{"name":"handleGetOne","decl":{"start":{"line":51,"column":15},"end":{"line":51,"column":27}},"loc":{"start":{"line":51,"column":53},"end":{"line":59,"column":1}},"line":51},"4":{"name":"handlePost","decl":{"start":{"line":61,"column":15},"end":{"line":61,"column":25}},"loc":{"start":{"line":61,"column":51},"end":{"line":69,"column":1}},"line":61},"5":{"name":"handlePut","decl":{"start":{"line":71,"column":15},"end":{"line":71,"column":24}},"loc":{"start":{"line":71,"column":50},"end":{"line":79,"column":1}},"line":71},"6":{"name":"handleDelete","decl":{"start":{"line":81,"column":15},"end":{"line":81,"column":27}},"loc":{"start":{"line":81,"column":53},"end":{"line":89,"column":1}},"line":81}},"branchMap":{},"s":{"0":1,"1":1,"2":1,"3":1,"4":1,"5":1,"6":1,"7":1,"8":1,"9":0,"10":0,"11":1,"12":0,"13":1,"14":1,"15":1,"16":1,"17":1,"18":0,"19":0,"20":0,"21":0,"22":0,"23":0,"24":0,"25":0,"26":0,"27":0,"28":0,"29":0,"30":0,"31":0,"32":0,"33":0,"34":0,"35":0,"36":0,"37":0,"38":0,"39":1},"f":{"0":0,"1":0,"2":0,"3":0,"4":0,"5":0,"6":0},"b":{},"_coverageSchema":"1a1c01bbd47fc00a2c39e90264f33305004495a9","hash":"8c09372159e5d6efd9c3739518770267fe5c7122"}
,"/Users/edgarromero/codefellows/401/class-14/auth/middleware/acl.js": {"path":"/Users/edgarromero/codefellows/401/class-14/auth/middleware/acl.js","statementMap":{"0":{"start":{"line":3,"column":0},"end":{"line":16,"column":1}},"1":{"start":{"line":6,"column":2},"end":{"line":14,"column":3}},"2":{"start":{"line":8,"column":4},"end":{"line":13,"column":5}},"3":{"start":{"line":9,"column":6},"end":{"line":9,"column":13}},"4":{"start":{"line":12,"column":6},"end":{"line":12,"column":30}}},"fnMap":{"0":{"name":"(anonymous_0)","decl":{"start":{"line":3,"column":17},"end":{"line":3,"column":18}},"loc":{"start":{"line":3,"column":33},"end":{"line":16,"column":1}},"line":3},"1":{"name":"(anonymous_1)","decl":{"start":{"line":6,"column":9},"end":{"line":6,"column":10}},"loc":{"start":{"line":6,"column":29},"end":{"line":14,"column":3}},"line":6}},"branchMap":{"0":{"loc":{"start":{"line":8,"column":4},"end":{"line":13,"column":5}},"type":"if","locations":[{"start":{"line":8,"column":4},"end":{"line":13,"column":5}},{"start":{"line":8,"column":4},"end":{"line":13,"column":5}}],"line":8}},"s":{"0":1,"1":8,"2":0,"3":0,"4":0},"f":{"0":8,"1":0},"b":{"0":[0,0]},"_coverageSchema":"1a1c01bbd47fc00a2c39e90264f33305004495a9","hash":"c536dfb04af66396eb0a94340b72a04077fa5dc3"}
,"/Users/edgarromero/codefellows/401/class-14/auth/middleware/basic.js": {"path":"/Users/edgarromero/codefellows/401/class-14/auth/middleware/basic.js","statementMap":{"0":{"start":{"line":3,"column":15},"end":{"line":3,"column":33}},"1":{"start":{"line":4,"column":14},"end":{"line":4,"column":49}},"2":{"start":{"line":8,"column":0},"end":{"line":37,"column":1}},"3":{"start":{"line":12,"column":2},"end":{"line":35,"column":3}},"4":{"start":{"line":15,"column":24},"end":{"line":15,"column":49}},"5":{"start":{"line":16,"column":18},"end":{"line":16,"column":45}},"6":{"start":{"line":17,"column":16},"end":{"line":17,"column":38}},"7":{"start":{"line":18,"column":31},"end":{"line":18,"column":47}},"8":{"start":{"line":21,"column":21},"end":{"line":21,"column":66}},"9":{"start":{"line":25,"column":4},"end":{"line":25,"column":43}},"10":{"start":{"line":28,"column":4},"end":{"line":28,"column":26}},"11":{"start":{"line":30,"column":4},"end":{"line":30,"column":11}},"12":{"start":{"line":34,"column":4},"end":{"line":34,"column":25}}},"fnMap":{"0":{"name":"(anonymous_0)","decl":{"start":{"line":8,"column":17},"end":{"line":8,"column":18}},"loc":{"start":{"line":8,"column":43},"end":{"line":37,"column":1}},"line":8}},"branchMap":{},"s":{"0":1,"1":1,"2":1,"3":1,"4":1,"5":1,"6":1,"7":1,"8":1,"9":1,"10":1,"11":1,"12":0},"f":{"0":1},"b":{},"_coverageSchema":"1a1c01bbd47fc00a2c39e90264f33305004495a9","hash":"940d837e1d422ddf41230929b7844d9cdf4526a5"}
,"/Users/edgarromero/codefellows/401/class-14/auth/middleware/bearer.js": {"path":"/Users/edgarromero/codefellows/401/class-14/auth/middleware/bearer.js","statementMap":{"0":{"start":{"line":3,"column":14},"end":{"line":3,"column":49}},"1":{"start":{"line":5,"column":0},"end":{"line":22,"column":1}},"2":{"start":{"line":7,"column":2},"end":{"line":21,"column":3}},"3":{"start":{"line":9,"column":4},"end":{"line":9,"column":61}},"4":{"start":{"line":9,"column":38},"end":{"line":9,"column":59}},"5":{"start":{"line":11,"column":18},"end":{"line":11,"column":60}},"6":{"start":{"line":13,"column":22},"end":{"line":13,"column":62}},"7":{"start":{"line":15,"column":4},"end":{"line":15,"column":25}},"8":{"start":{"line":16,"column":4},"end":{"line":16,"column":22}},"9":{"start":{"line":17,"column":4},"end":{"line":17,"column":11}},"10":{"start":{"line":20,"column":4},"end":{"line":20,"column":26}}},"fnMap":{"0":{"name":"(anonymous_0)","decl":{"start":{"line":5,"column":17},"end":{"line":5,"column":18}},"loc":{"start":{"line":5,"column":43},"end":{"line":22,"column":1}},"line":5}},"branchMap":{"0":{"loc":{"start":{"line":9,"column":4},"end":{"line":9,"column":61}},"type":"if","locations":[{"start":{"line":9,"column":4},"end":{"line":9,"column":61}},{"start":{"line":9,"column":4},"end":{"line":9,"column":61}}],"line":9}},"s":{"0":1,"1":1,"2":0,"3":0,"4":0,"5":0,"6":0,"7":0,"8":0,"9":0,"10":0},"f":{"0":0},"b":{"0":[0,0]},"_coverageSchema":"1a1c01bbd47fc00a2c39e90264f33305004495a9","hash":"dda333f398fa68a24db6697124963f11040dc6ce"}
,"/Users/edgarromero/codefellows/401/class-14/auth/models/users-model.js": {"path":"/Users/edgarromero/codefellows/401/class-14/auth/models/users-model.js","statementMap":{"0":{"start":{"line":3,"column":17},"end":{"line":3,"column":36}},"1":{"start":{"line":4,"column":15},"end":{"line":4,"column":32}},"2":{"start":{"line":5,"column":12},"end":{"line":5,"column":35}},"3":{"start":{"line":6,"column":15},"end":{"line":6,"column":44}},"4":{"start":{"line":8,"column":14},"end":{"line":12,"column":2}},"5":{"start":{"line":14,"column":14},"end":{"line":19,"column":1}},"6":{"start":{"line":21,"column":0},"end":{"line":24,"column":3}},"7":{"start":{"line":22,"column":2},"end":{"line":22,"column":54}},"8":{"start":{"line":23,"column":2},"end":{"line":23,"column":48}},"9":{"start":{"line":26,"column":0},"end":{"line":28,"column":1}},"10":{"start":{"line":27,"column":2},"end":{"line":27,"column":47}},"11":{"start":{"line":31,"column":0},"end":{"line":40,"column":1}},"12":{"start":{"line":32,"column":20},"end":{"line":37,"column":3}},"13":{"start":{"line":38,"column":14},"end":{"line":38,"column":43}},"14":{"start":{"line":39,"column":2},"end":{"line":39,"column":15}},"15":{"start":{"line":43,"column":0},"end":{"line":54,"column":1}},"16":{"start":{"line":46,"column":13},"end":{"line":46,"column":55}},"17":{"start":{"line":49,"column":16},"end":{"line":49,"column":61}},"18":{"start":{"line":51,"column":2},"end":{"line":52,"column":28}},"19":{"start":{"line":51,"column":17},"end":{"line":51,"column":29}},"20":{"start":{"line":52,"column":9},"end":{"line":52,"column":26}},"21":{"start":{"line":56,"column":0},"end":{"line":64,"column":1}},"22":{"start":{"line":57,"column":2},"end":{"line":63,"column":3}},"23":{"start":{"line":58,"column":24},"end":{"line":58,"column":49}},"24":{"start":{"line":59,"column":17},"end":{"line":59,"column":65}},"25":{"start":{"line":60,"column":4},"end":{"line":60,"column":16}},"26":{"start":{"line":62,"column":4},"end":{"line":62,"column":30}},"27":{"start":{"line":66,"column":0},"end":{"line":66,"column":48}}},"fnMap":{"0":{"name":"(anonymous_0)","decl":{"start":{"line":21,"column":18},"end":{"line":21,"column":19}},"loc":{"start":{"line":21,"column":36},"end":{"line":24,"column":1}},"line":21},"1":{"name":"(anonymous_1)","decl":{"start":{"line":26,"column":20},"end":{"line":26,"column":21}},"loc":{"start":{"line":26,"column":41},"end":{"line":28,"column":1}},"line":26},"2":{"name":"(anonymous_2)","decl":{"start":{"line":31,"column":30},"end":{"line":31,"column":31}},"loc":{"start":{"line":31,"column":41},"end":{"line":40,"column":1}},"line":31},"3":{"name":"(anonymous_3)","decl":{"start":{"line":43,"column":30},"end":{"line":43,"column":31}},"loc":{"start":{"line":43,"column":66},"end":{"line":54,"column":1}},"line":43},"4":{"name":"(anonymous_4)","decl":{"start":{"line":56,"column":38},"end":{"line":56,"column":39}},"loc":{"start":{"line":56,"column":61},"end":{"line":64,"column":1}},"line":56}},"branchMap":{"0":{"loc":{"start":{"line":6,"column":15},"end":{"line":6,"column":44}},"type":"binary-expr","locations":[{"start":{"line":6,"column":15},"end":{"line":6,"column":33}},{"start":{"line":6,"column":37},"end":{"line":6,"column":44}}],"line":6},"1":{"loc":{"start":{"line":51,"column":2},"end":{"line":52,"column":28}},"type":"if","locations":[{"start":{"line":51,"column":2},"end":{"line":52,"column":28}},{"start":{"line":51,"column":2},"end":{"line":52,"column":28}}],"line":51}},"s":{"0":1,"1":1,"2":1,"3":1,"4":1,"5":1,"6":1,"7":4,"8":4,"9":1,"10":0,"11":1,"12":5,"13":5,"14":5,"15":1,"16":1,"17":1,"18":1,"19":1,"20":0,"21":1,"22":0,"23":0,"24":0,"25":0,"26":0,"27":1},"f":{"0":4,"1":0,"2":5,"3":1,"4":0},"b":{"0":[1,1],"1":[1,0]},"_coverageSchema":"1a1c01bbd47fc00a2c39e90264f33305004495a9","hash":"80e47dcd67c41af62130cd4e0fcf766bfc6aa604"}
,"/Users/edgarromero/codefellows/401/class-14/auth/routes/auth-router.js": {"path":"/Users/edgarromero/codefellows/401/class-14/auth/routes/auth-router.js","statementMap":{"0":{"start":{"line":3,"column":16},"end":{"line":3,"column":34}},"1":{"start":{"line":5,"column":18},"end":{"line":5,"column":51}},"2":{"start":{"line":6,"column":15},"end":{"line":6,"column":49}},"3":{"start":{"line":7,"column":12},"end":{"line":7,"column":40}},"4":{"start":{"line":8,"column":14},"end":{"line":8,"column":49}},"5":{"start":{"line":11,"column":15},"end":{"line":11,"column":31}},"6":{"start":{"line":13,"column":0},"end":{"line":42,"column":3}},"7":{"start":{"line":15,"column":2},"end":{"line":40,"column":3}},"8":{"start":{"line":16,"column":14},"end":{"line":20,"column":5}},"9":{"start":{"line":23,"column":17},"end":{"line":23,"column":31}},"10":{"start":{"line":26,"column":18},"end":{"line":26,"column":37}},"11":{"start":{"line":28,"column":16},"end":{"line":28,"column":38}},"12":{"start":{"line":30,"column":4},"end":{"line":30,"column":27}},"13":{"start":{"line":31,"column":17},"end":{"line":34,"column":5}},"14":{"start":{"line":35,"column":4},"end":{"line":35,"column":33}},"15":{"start":{"line":39,"column":4},"end":{"line":39,"column":20}},"16":{"start":{"line":45,"column":0},"end":{"line":52,"column":3}},"17":{"start":{"line":46,"column":2},"end":{"line":46,"column":29}},"18":{"start":{"line":47,"column":15},"end":{"line":50,"column":3}},"19":{"start":{"line":51,"column":2},"end":{"line":51,"column":31}},"20":{"start":{"line":54,"column":0},"end":{"line":56,"column":2}},"21":{"start":{"line":55,"column":2},"end":{"line":55,"column":55}},"22":{"start":{"line":58,"column":0},"end":{"line":60,"column":2}},"23":{"start":{"line":59,"column":2},"end":{"line":59,"column":42}},"24":{"start":{"line":62,"column":0},"end":{"line":64,"column":2}},"25":{"start":{"line":63,"column":2},"end":{"line":63,"column":44}},"26":{"start":{"line":66,"column":0},"end":{"line":68,"column":2}},"27":{"start":{"line":67,"column":2},"end":{"line":67,"column":44}},"28":{"start":{"line":70,"column":0},"end":{"line":70,"column":24}}},"fnMap":{"0":{"name":"(anonymous_0)","decl":{"start":{"line":13,"column":23},"end":{"line":13,"column":24}},"loc":{"start":{"line":13,"column":49},"end":{"line":42,"column":1}},"line":13},"1":{"name":"(anonymous_1)","decl":{"start":{"line":45,"column":34},"end":{"line":45,"column":35}},"loc":{"start":{"line":45,"column":54},"end":{"line":52,"column":1}},"line":45},"2":{"name":"(anonymous_2)","decl":{"start":{"line":54,"column":30},"end":{"line":54,"column":31}},"loc":{"start":{"line":54,"column":44},"end":{"line":56,"column":1}},"line":54},"3":{"name":"(anonymous_3)","decl":{"start":{"line":58,"column":46},"end":{"line":58,"column":47}},"loc":{"start":{"line":58,"column":66},"end":{"line":60,"column":1}},"line":58},"4":{"name":"(anonymous_4)","decl":{"start":{"line":62,"column":47},"end":{"line":62,"column":48}},"loc":{"start":{"line":62,"column":67},"end":{"line":64,"column":1}},"line":62},"5":{"name":"(anonymous_5)","decl":{"start":{"line":66,"column":46},"end":{"line":66,"column":47}},"loc":{"start":{"line":66,"column":66},"end":{"line":68,"column":1}},"line":66}},"branchMap":{},"s":{"0":1,"1":1,"2":1,"3":1,"4":1,"5":1,"6":1,"7":4,"8":4,"9":4,"10":4,"11":4,"12":4,"13":4,"14":4,"15":0,"16":1,"17":1,"18":1,"19":1,"20":1,"21":0,"22":1,"23":0,"24":1,"25":0,"26":1,"27":0,"28":1},"f":{"0":4,"1":1,"2":0,"3":0,"4":0,"5":0},"b":{},"_coverageSchema":"1a1c01bbd47fc00a2c39e90264f33305004495a9","hash":"9ad4f30f4ffa431ee9c16d7632e901c5de0d709b"}
,"/Users/edgarromero/codefellows/401/class-14/middleware/404.js": {"path":"/Users/edgarromero/codefellows/401/class-14/middleware/404.js","statementMap":{"0":{"start":{"line":13,"column":0},"end":{"line":16,"column":2}},"1":{"start":{"line":14,"column":14},"end":{"line":14,"column":45}},"2":{"start":{"line":15,"column":2},"end":{"line":15,"column":36}}},"fnMap":{"0":{"name":"(anonymous_0)","decl":{"start":{"line":13,"column":17},"end":{"line":13,"column":18}},"loc":{"start":{"line":13,"column":35},"end":{"line":16,"column":1}},"line":13}},"branchMap":{},"s":{"0":1,"1":2,"2":2},"f":{"0":2},"b":{},"_coverageSchema":"1a1c01bbd47fc00a2c39e90264f33305004495a9","hash":"6ac7f781436ba0732e4d1aaf7fdd8abaeb62bbf0"}
,"/Users/edgarromero/codefellows/401/class-14/middleware/500.js": {"path":"/Users/edgarromero/codefellows/401/class-14/middleware/500.js","statementMap":{"0":{"start":{"line":15,"column":0},"end":{"line":18,"column":2}},"1":{"start":{"line":16,"column":14},"end":{"line":16,"column":28}},"2":{"start":{"line":17,"column":2},"end":{"line":17,"column":36}}},"fnMap":{"0":{"name":"(anonymous_0)","decl":{"start":{"line":15,"column":17},"end":{"line":15,"column":18}},"loc":{"start":{"line":15,"column":42},"end":{"line":18,"column":1}},"line":15}},"branchMap":{},"s":{"0":1,"1":0,"2":0},"f":{"0":0},"b":{},"_coverageSchema":"1a1c01bbd47fc00a2c39e90264f33305004495a9","hash":"ba4a8b08a692ba92d04dd3c3d728f07b1dab9b9f"}
,"/Users/edgarromero/codefellows/401/class-14/middleware/model-finder.js": {"path":"/Users/edgarromero/codefellows/401/class-14/middleware/model-finder.js","statementMap":{"0":{"start":{"line":2,"column":11},"end":{"line":2,"column":24}},"1":{"start":{"line":3,"column":13},"end":{"line":3,"column":28}},"2":{"start":{"line":4,"column":16},"end":{"line":4,"column":42}},"3":{"start":{"line":6,"column":21},"end":{"line":6,"column":45}},"4":{"start":{"line":22,"column":13},"end":{"line":28,"column":1}},"5":{"start":{"line":23,"column":20},"end":{"line":23,"column":65}},"6":{"start":{"line":24,"column":19},"end":{"line":24,"column":71}},"7":{"start":{"line":25,"column":16},"end":{"line":25,"column":33}},"8":{"start":{"line":26,"column":2},"end":{"line":26,"column":24}},"9":{"start":{"line":27,"column":2},"end":{"line":27,"column":9}},"10":{"start":{"line":31,"column":13},"end":{"line":39,"column":1}},"11":{"start":{"line":32,"column":2},"end":{"line":38,"column":26}},"12":{"start":{"line":34,"column":6},"end":{"line":36,"column":7}},"13":{"start":{"line":35,"column":8},"end":{"line":35,"column":123}},"14":{"start":{"line":41,"column":0},"end":{"line":41,"column":32}}},"fnMap":{"0":{"name":"(anonymous_0)","decl":{"start":{"line":22,"column":13},"end":{"line":22,"column":14}},"loc":{"start":{"line":22,"column":33},"end":{"line":28,"column":1}},"line":22},"1":{"name":"(anonymous_1)","decl":{"start":{"line":31,"column":13},"end":{"line":31,"column":14}},"loc":{"start":{"line":31,"column":19},"end":{"line":39,"column":1}},"line":31},"2":{"name":"(anonymous_2)","decl":{"start":{"line":33,"column":10},"end":{"line":33,"column":11}},"loc":{"start":{"line":34,"column":6},"end":{"line":36,"column":7}},"line":34},"3":{"name":"(anonymous_3)","decl":{"start":{"line":34,"column":22},"end":{"line":34,"column":23}},"loc":{"start":{"line":35,"column":8},"end":{"line":35,"column":123}},"line":35}},"branchMap":{"0":{"loc":{"start":{"line":35,"column":8},"end":{"line":35,"column":123}},"type":"binary-expr","locations":[{"start":{"line":35,"column":8},"end":{"line":35,"column":62}},{"start":{"line":35,"column":66},"end":{"line":35,"column":123}}],"line":35}},"s":{"0":1,"1":1,"2":1,"3":1,"4":1,"5":0,"6":0,"7":0,"8":0,"9":0,"10":1,"11":0,"12":0,"13":0,"14":1},"f":{"0":0,"1":0,"2":0,"3":0},"b":{"0":[0,0]},"_coverageSchema":"1a1c01bbd47fc00a2c39e90264f33305004495a9","hash":"d9308ba09f01ac04557b2b1beee1bc5170f0f392"}
}
