TN:
SF:server.js
FN:33,(anonymous_0)
FNF:1
FNH:0
FNDA:0,(anonymous_0)
DA:3,1
DA:4,1
DA:6,1
DA:7,1
DA:8,1
DA:9,1
DA:10,1
DA:12,1
DA:15,1
DA:16,1
DA:17,1
DA:20,1
DA:22,1
DA:23,1
DA:26,1
DA:29,1
DA:31,1
DA:33,0
LF:18
LH:17
BRF:0
BRH:0
end_of_record
TN:
SF:api/v1.js
FN:21,(anonymous_0)
FN:27,(anonymous_1)
FN:40,handleGetAll
FN:42,(anonymous_3)
FN:52,handleGetOne
FN:54,(anonymous_5)
FN:58,handlePost
FN:60,(anonymous_7)
FN:64,handlePut
FN:66,(anonymous_9)
FN:70,handleDelete
FN:72,(anonymous_11)
FNF:12
FNH:0
FNDA:0,(anonymous_0)
FNDA:0,(anonymous_1)
FNDA:0,handleGetAll
FNDA:0,(anonymous_3)
FNDA:0,handleGetOne
FNDA:0,(anonymous_5)
FNDA:0,handlePost
FNDA:0,(anonymous_7)
FNDA:0,handlePut
FNDA:0,(anonymous_9)
FNDA:0,handleDelete
FNDA:0,(anonymous_11)
DA:9,1
DA:11,1
DA:13,1
DA:15,1
DA:18,1
DA:21,1
DA:22,0
DA:23,0
DA:27,1
DA:28,0
DA:33,1
DA:34,1
DA:35,1
DA:36,1
DA:37,1
DA:41,0
DA:43,0
DA:47,0
DA:53,0
DA:54,0
DA:59,0
DA:60,0
DA:65,0
DA:66,0
DA:71,0
DA:72,0
DA:76,1
LF:27
LH:13
BRF:0
BRH:0
end_of_record
TN:
SF:api/v2.js
FN:18,(anonymous_0)
FN:24,(anonymous_1)
FN:37,handleGetAll
FN:51,handleGetOne
FN:61,handlePost
FN:71,handlePut
FN:81,handleDelete
FNF:7
FNH:0
FNDA:0,(anonymous_0)
FNDA:0,(anonymous_1)
FNDA:0,handleGetAll
FNDA:0,handleGetOne
FNDA:0,handlePost
FNDA:0,handlePut
FNDA:0,handleDelete
DA:3,1
DA:5,1
DA:7,1
DA:8,1
DA:9,1
DA:10,1
DA:12,1
DA:15,1
DA:18,1
DA:19,0
DA:20,0
DA:24,1
DA:25,0
DA:30,1
DA:31,1
DA:32,1
DA:33,1
DA:34,1
DA:38,0
DA:39,0
DA:40,0
DA:44,0
DA:47,0
DA:52,0
DA:53,0
DA:54,0
DA:57,0
DA:62,0
DA:63,0
DA:64,0
DA:67,0
DA:72,0
DA:73,0
DA:74,0
DA:77,0
DA:82,0
DA:83,0
DA:84,0
DA:87,0
DA:91,1
LF:40
LH:16
BRF:0
BRH:0
end_of_record
TN:
SF:auth/middleware/acl.js
FN:3,(anonymous_0)
FN:6,(anonymous_1)
FNF:2
FNH:1
FNDA:8,(anonymous_0)
FNDA:0,(anonymous_1)
DA:3,1
DA:6,8
DA:8,0
DA:9,0
DA:12,0
LF:5
LH:2
BRDA:8,0,0,0
BRDA:8,0,1,0
BRF:2
BRH:0
end_of_record
TN:
SF:auth/middleware/basic.js
FN:8,(anonymous_0)
FNF:1
FNH:1
FNDA:1,(anonymous_0)
DA:3,1
DA:4,1
DA:8,1
DA:12,1
DA:15,1
DA:16,1
DA:17,1
DA:18,1
DA:21,1
DA:25,1
DA:28,1
DA:30,1
DA:34,0
LF:13
LH:12
BRF:0
BRH:0
end_of_record
TN:
SF:auth/middleware/bearer.js
FN:5,(anonymous_0)
FNF:1
FNH:0
FNDA:0,(anonymous_0)
DA:3,1
DA:5,1
DA:7,0
DA:9,0
DA:11,0
DA:13,0
DA:15,0
DA:16,0
DA:17,0
DA:20,0
LF:10
LH:2
BRDA:9,0,0,0
BRDA:9,0,1,0
BRF:2
BRH:0
end_of_record
TN:
SF:auth/models/users-model.js
FN:21,(anonymous_0)
FN:26,(anonymous_1)
FN:31,(anonymous_2)
FN:43,(anonymous_3)
FN:56,(anonymous_4)
FNF:5
FNH:3
FNDA:4,(anonymous_0)
FNDA:0,(anonymous_1)
FNDA:5,(anonymous_2)
FNDA:1,(anonymous_3)
FNDA:0,(anonymous_4)
DA:3,1
DA:4,1
DA:5,1
DA:6,1
DA:8,1
DA:14,1
DA:21,1
DA:22,4
DA:23,4
DA:26,1
DA:27,0
DA:31,1
DA:32,5
DA:38,5
DA:39,5
DA:43,1
DA:46,1
DA:49,1
DA:51,1
DA:52,0
DA:56,1
DA:57,0
DA:58,0
DA:59,0
DA:60,0
DA:62,0
DA:66,1
LF:27
LH:20
BRDA:6,0,0,1
BRDA:6,0,1,1
BRDA:51,1,0,1
BRDA:51,1,1,0
BRF:4
BRH:3
end_of_record
TN:
SF:auth/routes/auth-router.js
FN:13,(anonymous_0)
FN:45,(anonymous_1)
FN:54,(anonymous_2)
FN:58,(anonymous_3)
FN:62,(anonymous_4)
FN:66,(anonymous_5)
FNF:6
FNH:2
FNDA:4,(anonymous_0)
FNDA:1,(anonymous_1)
FNDA:0,(anonymous_2)
FNDA:0,(anonymous_3)
FNDA:0,(anonymous_4)
FNDA:0,(anonymous_5)
DA:3,1
DA:5,1
DA:6,1
DA:7,1
DA:8,1
DA:11,1
DA:13,1
DA:15,4
DA:16,4
DA:23,4
DA:26,4
DA:28,4
DA:30,4
DA:31,4
DA:35,4
DA:39,0
DA:45,1
DA:46,1
DA:47,1
DA:51,1
DA:54,1
DA:55,0
DA:58,1
DA:59,0
DA:62,1
DA:63,0
DA:66,1
DA:67,0
DA:70,1
LF:29
LH:24
BRF:0
BRH:0
end_of_record
TN:
SF:middleware/404.js
FN:13,(anonymous_0)
FNF:1
FNH:1
FNDA:2,(anonymous_0)
DA:13,1
DA:14,2
DA:15,2
LF:3
LH:3
BRF:0
BRH:0
end_of_record
TN:
SF:middleware/500.js
FN:15,(anonymous_0)
FNF:1
FNH:0
FNDA:0,(anonymous_0)
DA:15,1
DA:16,0
DA:17,0
LF:3
LH:1
BRF:0
BRH:0
end_of_record
TN:
SF:middleware/model-finder.js
FN:22,(anonymous_0)
FN:31,(anonymous_1)
FN:33,(anonymous_2)
FN:34,(anonymous_3)
FNF:4
FNH:0
FNDA:0,(anonymous_0)
FNDA:0,(anonymous_1)
FNDA:0,(anonymous_2)
FNDA:0,(anonymous_3)
DA:2,1
DA:3,1
DA:4,1
DA:6,1
DA:22,1
DA:23,0
DA:24,0
DA:25,0
DA:26,0
DA:27,0
DA:31,1
DA:32,0
DA:34,0
DA:35,0
DA:41,1
LF:15
LH:7
BRDA:35,0,0,0
BRDA:35,0,1,0
BRF:2
BRH:0
end_of_record
